<?xml version="1.0" encoding="UTF-8"?>
<!-- Generated by org.testng.reporters.JUnitXMLReporter -->
<testsuite ignored="14" hostname="LTIN718868" failures="0" tests="24" name="ChromeTests" time="69.945" errors="0" timestamp="2026-04-01T22:38:01 IST">
  <testcase classname="tests.TestLandingPage" name="testpage" time="1.242"/>
  <testcase classname="tests.TestLoginPage" name="testLogin" time="2.48"/>
  <testcase classname="tests.TestLoginPage" name="testLogin" time="1.616"/>
  <testcase classname="tests.TestHomePage" name="validateHome" time="0.096"/>
  <testcase classname="tests.TestHomePage" name="searchTest" time="1.801"/>
  <testcase classname="tests.TestHomePage" name="testHome" time="0.546"/>
  <testcase classname="tests.TestCategoryPage" name="testCategoryPage" time="0.033"/>
  <testcase classname="tests.TestCategoryPage" name="goToProduct" time="0.57"/>
  <testcase classname="tests.TestProductListPage" name="validateProductListPage" time="0.062"/>
  <testcase classname="tests.TestProductListPage" name="clickOnProduct" time="0.771"/>
  <testcase classname="tests.TestProductPage" name="validateProductPage" time="0.073"/>
  <testcase classname="tests.TestProductPage" name="addToCart" time="0.486"/>
  <testcase classname="tests.TestCartPage" name="verifyCartPageOpen" time="0.153"/>
  <testcase classname="tests.TestCartPage" name="updateProductValue" time="0.554"/>
  <testcase classname="tests.TestCartPage" name="validatePrice" time="0.478"/>
  <testcase classname="tests.TestCartPage" name="proceedToCheckoutPage" time="0.489"/>
  <testcase classname="tests.TestCheckoutPage" name="validateCheckoutPage" time="0.058"/>
  <testcase classname="tests.TestCheckoutPage" name="sendPaymentData" time="6.449"/>
  <testcase classname="tests.TestCheckoutPage" name="sendPaymentData" time="7.056"/>
  <testcase classname="tests.TestCheckoutPage" name="sendPaymentData" time="7.068"/>
  <testcase classname="tests.TestCheckoutPage" name="sendPaymentData" time="8.617"/>
  <testcase classname="tests.TestCheckoutPage" name="sendPaymentData" time="7.197"/>
  <testcase classname="tests.TestCheckoutPage" name="sendPaymentData" time="8.929"/>
  <testcase classname="tests.TestCheckoutPage" name="moveToPaymentPage" time="0.471"/>
  <testcase classname="base.BaseTest" name="@AfterTest teardown" time="0.0">
    <ignored/>
  </testcase> <!-- @AfterTest teardown -->
  <testcase classname="base.BaseTest" name="@BeforeTest setup" time="0.0">
    <ignored/>
  </testcase> <!-- @BeforeTest setup -->
  <testcase classname="base.BaseTest" name="@AfterTest teardown" time="0.0">
    <ignored/>
  </testcase> <!-- @AfterTest teardown -->
  <testcase classname="base.BaseTest" name="@BeforeTest setup" time="0.0">
    <ignored/>
  </testcase> <!-- @BeforeTest setup -->
  <testcase classname="base.BaseTest" name="@BeforeTest setup" time="0.0">
    <ignored/>
  </testcase> <!-- @BeforeTest setup -->
  <testcase classname="base.BaseTest" name="@AfterTest teardown" time="0.0">
    <ignored/>
  </testcase> <!-- @AfterTest teardown -->
  <testcase classname="base.BaseTest" name="@AfterTest teardown" time="0.0">
    <ignored/>
  </testcase> <!-- @AfterTest teardown -->
  <testcase classname="base.BaseTest" name="@BeforeTest setup" time="0.0">
    <ignored/>
  </testcase> <!-- @BeforeTest setup -->
  <testcase classname="base.BaseTest" name="@BeforeTest setup" time="0.0">
    <ignored/>
  </testcase> <!-- @BeforeTest setup -->
  <testcase classname="base.BaseTest" name="@AfterTest teardown" time="0.0">
    <ignored/>
  </testcase> <!-- @AfterTest teardown -->
  <testcase classname="base.BaseTest" name="@AfterTest teardown" time="0.0">
    <ignored/>
  </testcase> <!-- @AfterTest teardown -->
  <testcase classname="base.BaseTest" name="@BeforeTest setup" time="0.0">
    <ignored/>
  </testcase> <!-- @BeforeTest setup -->
  <testcase classname="base.BaseTest" name="@AfterTest teardown" time="0.0">
    <ignored/>
  </testcase> <!-- @AfterTest teardown -->
  <testcase classname="base.BaseTest" name="@BeforeTest setup" time="0.0">
    <ignored/>
  </testcase> <!-- @BeforeTest setup -->
</testsuite> <!-- ChromeTests -->
