<?xml version="1.0" encoding="UTF-8"?>
<!-- Generated by org.testng.reporters.JUnitXMLReporter -->
<testsuite ignored="14" hostname="LTIN718868" failures="0" tests="24" name="EdgeTests" time="76.564" errors="0" timestamp="2026-04-01T22:36:51 IST">
  <testcase classname="tests.TestLandingPage" name="testpage" time="1.308"/>
  <testcase classname="tests.TestLoginPage" name="testLogin" time="2.795"/>
  <testcase classname="tests.TestLoginPage" name="testLogin" time="1.846"/>
  <testcase classname="tests.TestHomePage" name="validateHome" time="0.165"/>
  <testcase classname="tests.TestHomePage" name="searchTest" time="1.785"/>
  <testcase classname="tests.TestHomePage" name="testHome" time="0.612"/>
  <testcase classname="tests.TestCategoryPage" name="testCategoryPage" time="0.042"/>
  <testcase classname="tests.TestCategoryPage" name="goToProduct" time="0.551"/>
  <testcase classname="tests.TestProductListPage" name="validateProductListPage" time="0.062"/>
  <testcase classname="tests.TestProductListPage" name="clickOnProduct" time="0.877"/>
  <testcase classname="tests.TestProductPage" name="validateProductPage" time="0.079"/>
  <testcase classname="tests.TestProductPage" name="addToCart" time="0.493"/>
  <testcase classname="tests.TestCartPage" name="verifyCartPageOpen" time="0.168"/>
  <testcase classname="tests.TestCartPage" name="updateProductValue" time="0.61"/>
  <testcase classname="tests.TestCartPage" name="validatePrice" time="0.486"/>
  <testcase classname="tests.TestCartPage" name="proceedToCheckoutPage" time="0.649"/>
  <testcase classname="tests.TestCheckoutPage" name="validateCheckoutPage" time="0.077"/>
  <testcase classname="tests.TestCheckoutPage" name="sendPaymentData" time="6.567"/>
  <testcase classname="tests.TestCheckoutPage" name="sendPaymentData" time="8.186"/>
  <testcase classname="tests.TestCheckoutPage" name="sendPaymentData" time="6.909"/>
  <testcase classname="tests.TestCheckoutPage" name="sendPaymentData" time="8.931"/>
  <testcase classname="tests.TestCheckoutPage" name="sendPaymentData" time="7.061"/>
  <testcase classname="tests.TestCheckoutPage" name="sendPaymentData" time="8.651"/>
  <testcase classname="tests.TestCheckoutPage" name="moveToPaymentPage" time="0.472"/>
  <testcase classname="base.BaseTest" name="@AfterTest teardown" time="0.0">
    <ignored/>
  </testcase> <!-- @AfterTest teardown -->
  <testcase classname="base.BaseTest" name="@BeforeTest setup" time="0.0">
    <ignored/>
  </testcase> <!-- @BeforeTest setup -->
  <testcase classname="base.BaseTest" name="@BeforeTest setup" time="0.0">
    <ignored/>
  </testcase> <!-- @BeforeTest setup -->
  <testcase classname="base.BaseTest" name="@BeforeTest setup" time="0.0">
    <ignored/>
  </testcase> <!-- @BeforeTest setup -->
  <testcase classname="base.BaseTest" name="@BeforeTest setup" time="0.0">
    <ignored/>
  </testcase> <!-- @BeforeTest setup -->
  <testcase classname="base.BaseTest" name="@BeforeTest setup" time="0.0">
    <ignored/>
  </testcase> <!-- @BeforeTest setup -->
  <testcase classname="base.BaseTest" name="@AfterTest teardown" time="0.0">
    <ignored/>
  </testcase> <!-- @AfterTest teardown -->
  <testcase classname="base.BaseTest" name="@BeforeTest setup" time="0.0">
    <ignored/>
  </testcase> <!-- @BeforeTest setup -->
  <testcase classname="base.BaseTest" name="@AfterTest teardown" time="0.0">
    <ignored/>
  </testcase> <!-- @AfterTest teardown -->
  <testcase classname="base.BaseTest" name="@AfterTest teardown" time="0.0">
    <ignored/>
  </testcase> <!-- @AfterTest teardown -->
  <testcase classname="base.BaseTest" name="@BeforeTest setup" time="0.0">
    <ignored/>
  </testcase> <!-- @BeforeTest setup -->
  <testcase classname="base.BaseTest" name="@AfterTest teardown" time="0.0">
    <ignored/>
  </testcase> <!-- @AfterTest teardown -->
  <testcase classname="base.BaseTest" name="@AfterTest teardown" time="0.0">
    <ignored/>
  </testcase> <!-- @AfterTest teardown -->
  <testcase classname="base.BaseTest" name="@AfterTest teardown" time="0.0">
    <ignored/>
  </testcase> <!-- @AfterTest teardown -->
</testsuite> <!-- EdgeTests -->
