<?xml version="1.0" encoding="UTF-8"?>
<!-- Generated by org.testng.reporters.JUnitXMLReporter -->
<testsuite ignored="14" hostname="LTIN718868" failures="0" tests="26" name="ChromeTests" time="62.221" errors="0" timestamp="2026-04-12T09:35:48 IST">
  <testcase classname="tests.TestLandingPage" name="testLandingPage" time="0.126"/>
  <testcase classname="tests.TestLandingPage" name="navigateToHome" time="0.978"/>
  <testcase classname="tests.TestLoginPage" name="verifyLoginPage" time="0.08"/>
  <testcase classname="tests.TestLoginPage" name="testLogin" time="2.813"/>
  <testcase classname="tests.TestLoginPage" name="testLogin" time="1.642"/>
  <testcase classname="tests.TestHomePage" name="verifyHomepage" time="0.09"/>
  <testcase classname="tests.TestHomePage" name="searchOnHomepageTest" time="2.515"/>
  <testcase classname="tests.TestHomePage" name="clickOnAnyCategoryTest" time="0.636"/>
  <testcase classname="tests.TestCategoryPage" name="verifyCategoryPage" time="0.064"/>
  <testcase classname="tests.TestCategoryPage" name="selectAnyProductTest" time="0.599"/>
  <testcase classname="tests.TestProductListPage" name="verifyProductListPage" time="0.088"/>
  <testcase classname="tests.TestProductListPage" name="clickOnProductTest" time="0.934"/>
  <testcase classname="tests.TestProductPage" name="verifyProductPage" time="0.099"/>
  <testcase classname="tests.TestProductPage" name="addProductToCartTest" time="0.608"/>
  <testcase classname="tests.TestCartPage" name="verifyCartPageOpen" time="0.132"/>
  <testcase classname="tests.TestCartPage" name="updateProductValueTest" time="0.475"/>
  <testcase classname="tests.TestCartPage" name="validatePrice" time="0.47"/>
  <testcase classname="tests.TestCartPage" name="proceedToCheckoutPageTest" time="0.599"/>
  <testcase classname="tests.TestCheckoutPage" name="verifyCheckoutPage" time="0.085"/>
  <testcase classname="tests.TestCheckoutPage" name="sendPaymentData" time="4.735"/>
  <testcase classname="tests.TestCheckoutPage" name="sendPaymentData" time="4.147"/>
  <testcase classname="tests.TestCheckoutPage" name="sendPaymentData" time="4.673"/>
  <testcase classname="tests.TestCheckoutPage" name="sendPaymentData" time="5.783"/>
  <testcase classname="tests.TestCheckoutPage" name="sendPaymentData" time="6.088"/>
  <testcase classname="tests.TestCheckoutPage" name="sendPaymentData" time="7.842"/>
  <testcase classname="tests.TestCheckoutPage" name="moveToPaymentPageTest" time="0.453"/>
  <testcase classname="base.BaseTest" name="@AfterTest teardown" time="0.0">
    <ignored/>
  </testcase> <!-- @AfterTest teardown -->
  <testcase classname="base.BaseTest" name="@BeforeTest setup" time="0.0">
    <ignored/>
  </testcase> <!-- @BeforeTest setup -->
  <testcase classname="base.BaseTest" name="@AfterTest teardown" time="0.0">
    <ignored/>
  </testcase> <!-- @AfterTest teardown -->
  <testcase classname="base.BaseTest" name="@AfterTest teardown" time="0.0">
    <ignored/>
  </testcase> <!-- @AfterTest teardown -->
  <testcase classname="base.BaseTest" name="@BeforeTest setup" time="0.0">
    <ignored/>
  </testcase> <!-- @BeforeTest setup -->
  <testcase classname="base.BaseTest" name="@BeforeTest setup" time="0.0">
    <ignored/>
  </testcase> <!-- @BeforeTest setup -->
  <testcase classname="base.BaseTest" name="@BeforeTest setup" time="0.0">
    <ignored/>
  </testcase> <!-- @BeforeTest setup -->
  <testcase classname="base.BaseTest" name="@BeforeTest setup" time="0.0">
    <ignored/>
  </testcase> <!-- @BeforeTest setup -->
  <testcase classname="base.BaseTest" name="@AfterTest teardown" time="0.0">
    <ignored/>
  </testcase> <!-- @AfterTest teardown -->
  <testcase classname="base.BaseTest" name="@BeforeTest setup" time="0.0">
    <ignored/>
  </testcase> <!-- @BeforeTest setup -->
  <testcase classname="base.BaseTest" name="@AfterTest teardown" time="0.0">
    <ignored/>
  </testcase> <!-- @AfterTest teardown -->
  <testcase classname="base.BaseTest" name="@AfterTest teardown" time="0.0">
    <ignored/>
  </testcase> <!-- @AfterTest teardown -->
  <testcase classname="base.BaseTest" name="@BeforeTest setup" time="0.0">
    <ignored/>
  </testcase> <!-- @BeforeTest setup -->
  <testcase classname="base.BaseTest" name="@AfterTest teardown" time="0.0">
    <ignored/>
  </testcase> <!-- @AfterTest teardown -->
</testsuite> <!-- ChromeTests -->
