<?xml version="1.0" encoding="UTF-8"?>
<!-- Generated by org.testng.reporters.JUnitXMLReporter -->
<testsuite ignored="14" hostname="LTIN718868" failures="0" tests="26" name="EdgeTests" time="94.362" errors="0" timestamp="2026-04-12T09:34:46 IST">
  <testcase classname="tests.TestLandingPage" name="testLandingPage" time="0.277"/>
  <testcase classname="tests.TestLandingPage" name="navigateToHome" time="3.074"/>
  <testcase classname="tests.TestLoginPage" name="verifyLoginPage" time="0.166"/>
  <testcase classname="tests.TestLoginPage" name="testLogin" time="8.249"/>
  <testcase classname="tests.TestLoginPage" name="testLogin" time="5.83"/>
  <testcase classname="tests.TestHomePage" name="verifyHomepage" time="0.121"/>
  <testcase classname="tests.TestHomePage" name="searchOnHomepageTest" time="2.256"/>
  <testcase classname="tests.TestHomePage" name="clickOnAnyCategoryTest" time="0.788"/>
  <testcase classname="tests.TestCategoryPage" name="verifyCategoryPage" time="0.043"/>
  <testcase classname="tests.TestCategoryPage" name="selectAnyProductTest" time="0.59"/>
  <testcase classname="tests.TestProductListPage" name="verifyProductListPage" time="0.064"/>
  <testcase classname="tests.TestProductListPage" name="clickOnProductTest" time="0.935"/>
  <testcase classname="tests.TestProductPage" name="verifyProductPage" time="0.098"/>
  <testcase classname="tests.TestProductPage" name="addProductToCartTest" time="0.539"/>
  <testcase classname="tests.TestCartPage" name="verifyCartPageOpen" time="0.152"/>
  <testcase classname="tests.TestCartPage" name="updateProductValueTest" time="0.856"/>
  <testcase classname="tests.TestCartPage" name="validatePrice" time="0.3"/>
  <testcase classname="tests.TestCartPage" name="proceedToCheckoutPageTest" time="0.582"/>
  <testcase classname="tests.TestCheckoutPage" name="verifyCheckoutPage" time="0.08"/>
  <testcase classname="tests.TestCheckoutPage" name="sendPaymentData" time="6.326"/>
  <testcase classname="tests.TestCheckoutPage" name="sendPaymentData" time="5.666"/>
  <testcase classname="tests.TestCheckoutPage" name="sendPaymentData" time="5.73"/>
  <testcase classname="tests.TestCheckoutPage" name="sendPaymentData" time="5.572"/>
  <testcase classname="tests.TestCheckoutPage" name="sendPaymentData" time="4.707"/>
  <testcase classname="tests.TestCheckoutPage" name="sendPaymentData" time="7.591"/>
  <testcase classname="tests.TestCheckoutPage" name="moveToPaymentPageTest" time="0.494"/>
  <testcase classname="base.BaseTest" name="@AfterTest teardown" time="0.0">
    <ignored/>
  </testcase> <!-- @AfterTest teardown -->
  <testcase classname="base.BaseTest" name="@BeforeTest setup" time="0.0">
    <ignored/>
  </testcase> <!-- @BeforeTest setup -->
  <testcase classname="base.BaseTest" name="@BeforeTest setup" time="0.0">
    <ignored/>
  </testcase> <!-- @BeforeTest setup -->
  <testcase classname="base.BaseTest" name="@BeforeTest setup" time="0.0">
    <ignored/>
  </testcase> <!-- @BeforeTest setup -->
  <testcase classname="base.BaseTest" name="@BeforeTest setup" time="0.0">
    <ignored/>
  </testcase> <!-- @BeforeTest setup -->
  <testcase classname="base.BaseTest" name="@BeforeTest setup" time="0.0">
    <ignored/>
  </testcase> <!-- @BeforeTest setup -->
  <testcase classname="base.BaseTest" name="@AfterTest teardown" time="0.0">
    <ignored/>
  </testcase> <!-- @AfterTest teardown -->
  <testcase classname="base.BaseTest" name="@BeforeTest setup" time="0.0">
    <ignored/>
  </testcase> <!-- @BeforeTest setup -->
  <testcase classname="base.BaseTest" name="@AfterTest teardown" time="0.0">
    <ignored/>
  </testcase> <!-- @AfterTest teardown -->
  <testcase classname="base.BaseTest" name="@BeforeTest setup" time="0.0">
    <ignored/>
  </testcase> <!-- @BeforeTest setup -->
  <testcase classname="base.BaseTest" name="@AfterTest teardown" time="0.0">
    <ignored/>
  </testcase> <!-- @AfterTest teardown -->
  <testcase classname="base.BaseTest" name="@AfterTest teardown" time="0.0">
    <ignored/>
  </testcase> <!-- @AfterTest teardown -->
  <testcase classname="base.BaseTest" name="@AfterTest teardown" time="0.0">
    <ignored/>
  </testcase> <!-- @AfterTest teardown -->
  <testcase classname="base.BaseTest" name="@AfterTest teardown" time="0.0">
    <ignored/>
  </testcase> <!-- @AfterTest teardown -->
</testsuite> <!-- EdgeTests -->
