<?xml version="1.0" encoding="UTF-8"?>
<testng-results ignored="0" total="52" passed="52" failed="0" skipped="0">
  <reporter-output>
    <line>
      <![CDATA[!!!Landing page verification passed!!!]]>
    </line>
    <line>
      <![CDATA[!!!Succefully navigated to home page!!!]]>
    </line>
    <line>
      <![CDATA[!!!login page verified-passed!!!]]>
    </line>
    <line>
      <![CDATA[Read Excel file successfull]]>
    </line>
    <line>
      <![CDATA[!!!Login feature passed for user : Jhonn1 !!!]]>
    </line>
    <line>
      <![CDATA[!!!Login feature passed for user : Jhonn2 !!!]]>
    </line>
    <line>
      <![CDATA[!!!Home Page validation passed!!!]]>
    </line>
    <line>
      <![CDATA[!!!searching for pets passed!!!]]>
    </line>
    <line>
      <![CDATA[!!!Able to click on category-passed!!!]]>
    </line>
    <line>
      <![CDATA[!!!verification of category page completed-passed!!!]]>
    </line>
    <line>
      <![CDATA[!!!Product is selected-passed!!!]]>
    </line>
    <line>
      <![CDATA[!!!verification of productlist page done-passed!!!]]>
    </line>
    <line>
      <![CDATA[!!!Product selected-passed!!!]]>
    </line>
    <line>
      <![CDATA[!!!verification of product page done-passed!!!]]>
    </line>
    <line>
      <![CDATA[!!!product added to cart-passed!!!]]>
    </line>
    <line>
      <![CDATA[!!!cart page verified-passed!!!]]>
    </line>
    <line>
      <![CDATA[!!!product quantity updated-passed!!!]]>
    </line>
    <line>
      <![CDATA[!!!Price validated-passed!!!]]>
    </line>
    <line>
      <![CDATA[!!!checkout button clicked-passed!!!]]>
    </line>
    <line>
      <![CDATA[!!!checkout page verified-passed!!!]]>
    </line>
    <line>
      <![CDATA[!!!Anit's payment data sent successfully- passed!!!]]>
    </line>
    <line>
      <![CDATA[!!!Arun's payment data sent successfully- passed!!!]]>
    </line>
    <line>
      <![CDATA[!!!Animesh's payment data sent successfully- passed!!!]]>
    </line>
    <line>
      <![CDATA[!!!Rajat's payment data sent successfully- passed!!!]]>
    </line>
    <line>
      <![CDATA[!!!Anuj's payment data sent successfully- passed!!!]]>
    </line>
    <line>
      <![CDATA[!!!Warish's payment data sent successfully- passed!!!]]>
    </line>
    <line>
      <![CDATA[!!!clicked on continue button-passed!!!]]>
    </line>
    <line>
      <![CDATA[!!!Landing page verification passed!!!]]>
    </line>
    <line>
      <![CDATA[!!!Succefully navigated to home page!!!]]>
    </line>
    <line>
      <![CDATA[!!!login page verified-passed!!!]]>
    </line>
    <line>
      <![CDATA[Read Excel file successfull]]>
    </line>
    <line>
      <![CDATA[!!!Login feature passed for user : Jhonn1 !!!]]>
    </line>
    <line>
      <![CDATA[!!!Login feature passed for user : Jhonn2 !!!]]>
    </line>
    <line>
      <![CDATA[!!!Home Page validation passed!!!]]>
    </line>
    <line>
      <![CDATA[!!!searching for pets passed!!!]]>
    </line>
    <line>
      <![CDATA[!!!Able to click on category-passed!!!]]>
    </line>
    <line>
      <![CDATA[!!!verification of category page completed-passed!!!]]>
    </line>
    <line>
      <![CDATA[!!!Product is selected-passed!!!]]>
    </line>
    <line>
      <![CDATA[!!!verification of productlist page done-passed!!!]]>
    </line>
    <line>
      <![CDATA[!!!Product selected-passed!!!]]>
    </line>
    <line>
      <![CDATA[!!!verification of product page done-passed!!!]]>
    </line>
    <line>
      <![CDATA[!!!product added to cart-passed!!!]]>
    </line>
    <line>
      <![CDATA[!!!cart page verified-passed!!!]]>
    </line>
    <line>
      <![CDATA[!!!product quantity updated-passed!!!]]>
    </line>
    <line>
      <![CDATA[!!!Price validated-passed!!!]]>
    </line>
    <line>
      <![CDATA[!!!checkout button clicked-passed!!!]]>
    </line>
    <line>
      <![CDATA[!!!checkout page verified-passed!!!]]>
    </line>
    <line>
      <![CDATA[!!!Anit's payment data sent successfully- passed!!!]]>
    </line>
    <line>
      <![CDATA[!!!Arun's payment data sent successfully- passed!!!]]>
    </line>
    <line>
      <![CDATA[!!!Animesh's payment data sent successfully- passed!!!]]>
    </line>
    <line>
      <![CDATA[!!!Rajat's payment data sent successfully- passed!!!]]>
    </line>
    <line>
      <![CDATA[!!!Anuj's payment data sent successfully- passed!!!]]>
    </line>
    <line>
      <![CDATA[!!!Warish's payment data sent successfully- passed!!!]]>
    </line>
    <line>
      <![CDATA[!!!clicked on continue button-passed!!!]]>
    </line>
  </reporter-output>
  <suite started-at="2026-04-12T09:33:11 IST" name="E-Commerce WorkFlow" finished-at="2026-04-12T09:35:48 IST" duration-ms="156644">
    <groups>
    </groups>
    <test started-at="2026-04-12T09:33:11 IST" name="EdgeTests" finished-at="2026-04-12T09:34:46 IST" duration-ms="94362">
      <class name="tests.TestCartPage">
        <test-method is-config="true" signature="setup()[pri:0, instance:tests.TestCartPage@41a2befb]" started-at="2026-04-12T09:34:01 IST" name="setup" finished-at="2026-04-12T09:34:01 IST" duration-ms="65" status="PASS">
          <reporter-output>
          </reporter-output>
        </test-method> <!-- setup -->
        <test-method signature="verifyCartPageOpen()[pri:0, instance:tests.TestCartPage@41a2befb]" started-at="2026-04-12T09:34:01 IST" name="verifyCartPageOpen" finished-at="2026-04-12T09:34:01 IST" duration-ms="152" status="PASS">
          <reporter-output>
            <line>
              <![CDATA[!!!cart page verified-passed!!!]]>
            </line>
          </reporter-output>
        </test-method> <!-- verifyCartPageOpen -->
        <test-method signature="updateProductValueTest()[pri:1, instance:tests.TestCartPage@41a2befb]" started-at="2026-04-12T09:34:01 IST" name="updateProductValueTest" finished-at="2026-04-12T09:34:02 IST" duration-ms="856" status="PASS">
          <reporter-output>
            <line>
              <![CDATA[!!!product quantity updated-passed!!!]]>
            </line>
          </reporter-output>
        </test-method> <!-- updateProductValueTest -->
        <test-method signature="validatePrice()[pri:2, instance:tests.TestCartPage@41a2befb]" started-at="2026-04-12T09:34:02 IST" name="validatePrice" finished-at="2026-04-12T09:34:03 IST" duration-ms="300" status="PASS">
          <reporter-output>
            <line>
              <![CDATA[!!!Price validated-passed!!!]]>
            </line>
          </reporter-output>
        </test-method> <!-- validatePrice -->
        <test-method signature="proceedToCheckoutPageTest()[pri:0, instance:tests.TestCartPage@41a2befb]" started-at="2026-04-12T09:34:03 IST" name="proceedToCheckoutPageTest" finished-at="2026-04-12T09:34:03 IST" depends-on-methods="tests.TestCartPage.validatePrice" duration-ms="582" status="PASS">
          <reporter-output>
            <line>
              <![CDATA[!!!checkout button clicked-passed!!!]]>
            </line>
          </reporter-output>
        </test-method> <!-- proceedToCheckoutPageTest -->
      </class> <!-- tests.TestCartPage -->
      <class name="tests.TestLandingPage">
        <test-method is-config="true" signature="setup(java.lang.String)[pri:0, instance:tests.TestLandingPage@2362f559]" started-at="2026-04-12T09:33:11 IST" name="setup" finished-at="2026-04-12T09:33:23 IST" duration-ms="11691" status="PASS">
          <params>
            <param index="0">
              <value>
                <![CDATA[edge]]>
              </value>
            </param>
          </params>
          <reporter-output>
          </reporter-output>
        </test-method> <!-- setup -->
        <test-method is-config="true" signature="setup()[pri:0, instance:tests.TestLandingPage@2362f559]" started-at="2026-04-12T09:33:23 IST" name="setup" finished-at="2026-04-12T09:33:23 IST" duration-ms="79" status="PASS">
          <reporter-output>
          </reporter-output>
        </test-method> <!-- setup -->
        <test-method signature="testLandingPage()[pri:0, instance:tests.TestLandingPage@2362f559]" started-at="2026-04-12T09:33:23 IST" name="testLandingPage" finished-at="2026-04-12T09:33:24 IST" duration-ms="277" status="PASS">
          <reporter-output>
            <line>
              <![CDATA[!!!Landing page verification passed!!!]]>
            </line>
          </reporter-output>
        </test-method> <!-- testLandingPage -->
        <test-method signature="navigateToHome()[pri:1, instance:tests.TestLandingPage@2362f559]" started-at="2026-04-12T09:33:24 IST" name="navigateToHome" finished-at="2026-04-12T09:33:27 IST" duration-ms="3074" status="PASS">
          <reporter-output>
            <line>
              <![CDATA[!!!Succefully navigated to home page!!!]]>
            </line>
          </reporter-output>
        </test-method> <!-- navigateToHome -->
        <test-method is-config="true" signature="teardown()[pri:0, instance:tests.TestLandingPage@2362f559]" started-at="2026-04-12T09:34:40 IST" name="teardown" finished-at="2026-04-12T09:34:46 IST" duration-ms="5916" status="PASS">
          <reporter-output>
          </reporter-output>
        </test-method> <!-- teardown -->
      </class> <!-- tests.TestLandingPage -->
      <class name="tests.TestProductListPage">
        <test-method is-config="true" signature="setup()[pri:0, instance:tests.TestProductListPage@5e5d171f]" started-at="2026-04-12T09:33:59 IST" name="setup" finished-at="2026-04-12T09:33:59 IST" duration-ms="62" status="PASS">
          <reporter-output>
          </reporter-output>
        </test-method> <!-- setup -->
        <test-method signature="verifyProductListPage()[pri:0, instance:tests.TestProductListPage@5e5d171f]" started-at="2026-04-12T09:33:59 IST" name="verifyProductListPage" finished-at="2026-04-12T09:34:00 IST" duration-ms="64" status="PASS">
          <reporter-output>
            <line>
              <![CDATA[!!!verification of productlist page done-passed!!!]]>
            </line>
          </reporter-output>
        </test-method> <!-- verifyProductListPage -->
        <test-method signature="clickOnProductTest()[pri:1, instance:tests.TestProductListPage@5e5d171f]" started-at="2026-04-12T09:34:00 IST" name="clickOnProductTest" finished-at="2026-04-12T09:34:01 IST" duration-ms="935" status="PASS">
          <reporter-output>
            <line>
              <![CDATA[!!!Product selected-passed!!!]]>
            </line>
          </reporter-output>
        </test-method> <!-- clickOnProductTest -->
      </class> <!-- tests.TestProductListPage -->
      <class name="tests.TestProductPage">
        <test-method is-config="true" signature="setup()[pri:0, instance:tests.TestProductPage@24313fcc]" started-at="2026-04-12T09:34:01 IST" name="setup" finished-at="2026-04-12T09:34:01 IST" duration-ms="67" status="PASS">
          <reporter-output>
          </reporter-output>
        </test-method> <!-- setup -->
        <test-method signature="verifyProductPage()[pri:0, instance:tests.TestProductPage@24313fcc]" started-at="2026-04-12T09:34:01 IST" name="verifyProductPage" finished-at="2026-04-12T09:34:01 IST" duration-ms="98" status="PASS">
          <reporter-output>
            <line>
              <![CDATA[!!!verification of product page done-passed!!!]]>
            </line>
          </reporter-output>
        </test-method> <!-- verifyProductPage -->
        <test-method signature="addProductToCartTest()[pri:1, instance:tests.TestProductPage@24313fcc]" started-at="2026-04-12T09:34:01 IST" name="addProductToCartTest" finished-at="2026-04-12T09:34:01 IST" duration-ms="539" status="PASS">
          <reporter-output>
            <line>
              <![CDATA[!!!product added to cart-passed!!!]]>
            </line>
          </reporter-output>
        </test-method> <!-- addProductToCartTest -->
      </class> <!-- tests.TestProductPage -->
      <class name="tests.TestCheckoutPage">
        <test-method is-config="true" signature="setup()[pri:0, instance:tests.TestCheckoutPage@6c40365c]" started-at="2026-04-12T09:34:03 IST" name="setup" finished-at="2026-04-12T09:34:03 IST" duration-ms="61" status="PASS">
          <reporter-output>
          </reporter-output>
        </test-method> <!-- setup -->
        <test-method signature="verifyCheckoutPage()[pri:0, instance:tests.TestCheckoutPage@6c40365c]" started-at="2026-04-12T09:34:03 IST" name="verifyCheckoutPage" finished-at="2026-04-12T09:34:03 IST" duration-ms="80" status="PASS">
          <reporter-output>
            <line>
              <![CDATA[!!!checkout page verified-passed!!!]]>
            </line>
          </reporter-output>
        </test-method> <!-- verifyCheckoutPage -->
        <test-method signature="sendPaymentData(java.lang.String,java.lang.String,java.lang.String,java.lang.String,java.lang.String,java.lang.String,java.lang.String,java.lang.String,java.lang.String,java.lang.String,java.lang.String,java.lang.String)[pri:1, instance:tests.TestCheckoutPage@6c40365c]" started-at="2026-04-12T09:34:04 IST" name="sendPaymentData" data-provider="paymentData" finished-at="2026-04-12T09:34:10 IST" duration-ms="6326" status="PASS">
          <params>
            <param index="0">
              <value>
                <![CDATA[Visa]]>
              </value>
            </param>
            <param index="1">
              <value>
                <![CDATA[1245 0987 5625]]>
              </value>
            </param>
            <param index="2">
              <value>
                <![CDATA[09/23]]>
              </value>
            </param>
            <param index="3">
              <value>
                <![CDATA[Anit]]>
              </value>
            </param>
            <param index="4">
              <value>
                <![CDATA[Kumar]]>
              </value>
            </param>
            <param index="5">
              <value>
                <![CDATA[2nd road, village]]>
              </value>
            </param>
            <param index="6">
              <value>
                <![CDATA[near station]]>
              </value>
            </param>
            <param index="7">
              <value>
                <![CDATA[rajgao]]>
              </value>
            </param>
            <param index="8">
              <value>
                <![CDATA[Jammu]]>
              </value>
            </param>
            <param index="9">
              <value>
                <![CDATA[986567]]>
              </value>
            </param>
            <param index="10">
              <value>
                <![CDATA[India]]>
              </value>
            </param>
            <param index="11">
              <value>
                <![CDATA[no]]>
              </value>
            </param>
          </params>
          <reporter-output>
            <line>
              <![CDATA[!!!Anit's payment data sent successfully- passed!!!]]>
            </line>
          </reporter-output>
        </test-method> <!-- sendPaymentData -->
        <test-method signature="sendPaymentData(java.lang.String,java.lang.String,java.lang.String,java.lang.String,java.lang.String,java.lang.String,java.lang.String,java.lang.String,java.lang.String,java.lang.String,java.lang.String,java.lang.String)[pri:1, instance:tests.TestCheckoutPage@6c40365c]" started-at="2026-04-12T09:34:10 IST" name="sendPaymentData" data-provider="paymentData" finished-at="2026-04-12T09:34:16 IST" duration-ms="5666" status="PASS">
          <params>
            <param index="0">
              <value>
                <![CDATA[MasterCard]]>
              </value>
            </param>
            <param index="1">
              <value>
                <![CDATA[2301 0987 6256]]>
              </value>
            </param>
            <param index="2">
              <value>
                <![CDATA[10/24]]>
              </value>
            </param>
            <param index="3">
              <value>
                <![CDATA[Arun]]>
              </value>
            </param>
            <param index="4">
              <value>
                <![CDATA[Yadav]]>
              </value>
            </param>
            <param index="5">
              <value>
                <![CDATA[1st line, city]]>
              </value>
            </param>
            <param index="6">
              <value>
                <![CDATA[near home]]>
              </value>
            </param>
            <param index="7">
              <value>
                <![CDATA[pradesh]]>
              </value>
            </param>
            <param index="8">
              <value>
                <![CDATA[Punjab]]>
              </value>
            </param>
            <param index="9">
              <value>
                <![CDATA[754534]]>
              </value>
            </param>
            <param index="10">
              <value>
                <![CDATA[India]]>
              </value>
            </param>
            <param index="11">
              <value>
                <![CDATA[no]]>
              </value>
            </param>
          </params>
          <reporter-output>
            <line>
              <![CDATA[!!!Arun's payment data sent successfully- passed!!!]]>
            </line>
          </reporter-output>
        </test-method> <!-- sendPaymentData -->
        <test-method signature="sendPaymentData(java.lang.String,java.lang.String,java.lang.String,java.lang.String,java.lang.String,java.lang.String,java.lang.String,java.lang.String,java.lang.String,java.lang.String,java.lang.String,java.lang.String)[pri:1, instance:tests.TestCheckoutPage@6c40365c]" started-at="2026-04-12T09:34:16 IST" name="sendPaymentData" data-provider="paymentData" finished-at="2026-04-12T09:34:21 IST" duration-ms="5730" status="PASS">
          <params>
            <param index="0">
              <value>
                <![CDATA[American Express]]>
              </value>
            </param>
            <param index="1">
              <value>
                <![CDATA[6146 8788 0923]]>
              </value>
            </param>
            <param index="2">
              <value>
                <![CDATA[01/24]]>
              </value>
            </param>
            <param index="3">
              <value>
                <![CDATA[Animesh]]>
              </value>
            </param>
            <param index="4">
              <value>
                <![CDATA[Somala]]>
              </value>
            </param>
            <param index="5">
              <value>
                <![CDATA[2nd street, village]]>
              </value>
            </param>
            <param index="6">
              <value>
                <![CDATA[behind temple]]>
              </value>
            </param>
            <param index="7">
              <value>
                <![CDATA[sikar]]>
              </value>
            </param>
            <param index="8">
              <value>
                <![CDATA[Haryana]]>
              </value>
            </param>
            <param index="9">
              <value>
                <![CDATA[358976]]>
              </value>
            </param>
            <param index="10">
              <value>
                <![CDATA[India]]>
              </value>
            </param>
            <param index="11">
              <value>
                <![CDATA[no]]>
              </value>
            </param>
          </params>
          <reporter-output>
            <line>
              <![CDATA[!!!Animesh's payment data sent successfully- passed!!!]]>
            </line>
          </reporter-output>
        </test-method> <!-- sendPaymentData -->
        <test-method signature="sendPaymentData(java.lang.String,java.lang.String,java.lang.String,java.lang.String,java.lang.String,java.lang.String,java.lang.String,java.lang.String,java.lang.String,java.lang.String,java.lang.String,java.lang.String)[pri:1, instance:tests.TestCheckoutPage@6c40365c]" started-at="2026-04-12T09:34:21 IST" name="sendPaymentData" data-provider="paymentData" finished-at="2026-04-12T09:34:27 IST" duration-ms="5572" status="PASS">
          <params>
            <param index="0">
              <value>
                <![CDATA[Visa]]>
              </value>
            </param>
            <param index="1">
              <value>
                <![CDATA[1479 8357 8368]]>
              </value>
            </param>
            <param index="2">
              <value>
                <![CDATA[11/25]]>
              </value>
            </param>
            <param index="3">
              <value>
                <![CDATA[Rajat]]>
              </value>
            </param>
            <param index="4">
              <value>
                <![CDATA[Kumar]]>
              </value>
            </param>
            <param index="5">
              <value>
                <![CDATA[opposite street , mayana salai]]>
              </value>
            </param>
            <param index="6">
              <value>
                <![CDATA[near station]]>
              </value>
            </param>
            <param index="7">
              <value>
                <![CDATA[chennai]]>
              </value>
            </param>
            <param index="8">
              <value>
                <![CDATA[Tamil  Nadu]]>
              </value>
            </param>
            <param index="9">
              <value>
                <![CDATA[538363]]>
              </value>
            </param>
            <param index="10">
              <value>
                <![CDATA[India]]>
              </value>
            </param>
            <param index="11">
              <value>
                <![CDATA[no]]>
              </value>
            </param>
          </params>
          <reporter-output>
            <line>
              <![CDATA[!!!Rajat's payment data sent successfully- passed!!!]]>
            </line>
          </reporter-output>
        </test-method> <!-- sendPaymentData -->
        <test-method signature="sendPaymentData(java.lang.String,java.lang.String,java.lang.String,java.lang.String,java.lang.String,java.lang.String,java.lang.String,java.lang.String,java.lang.String,java.lang.String,java.lang.String,java.lang.String)[pri:1, instance:tests.TestCheckoutPage@6c40365c]" started-at="2026-04-12T09:34:27 IST" name="sendPaymentData" data-provider="paymentData" finished-at="2026-04-12T09:34:32 IST" duration-ms="4707" status="PASS">
          <params>
            <param index="0">
              <value>
                <![CDATA[American Express]]>
              </value>
            </param>
            <param index="1">
              <value>
                <![CDATA[6546 0987 8009]]>
              </value>
            </param>
            <param index="2">
              <value>
                <![CDATA[07/24]]>
              </value>
            </param>
            <param index="3">
              <value>
                <![CDATA[Anuj]]>
              </value>
            </param>
            <param index="4">
              <value>
                <![CDATA[Yadav]]>
              </value>
            </param>
            <param index="5">
              <value>
                <![CDATA[near post office]]>
              </value>
            </param>
            <param index="6">
              <value>
                <![CDATA[near home]]>
              </value>
            </param>
            <param index="7">
              <value>
                <![CDATA[basant nagar]]>
              </value>
            </param>
            <param index="8">
              <value>
                <![CDATA[Delhi]]>
              </value>
            </param>
            <param index="9">
              <value>
                <![CDATA[173637]]>
              </value>
            </param>
            <param index="10">
              <value>
                <![CDATA[India]]>
              </value>
            </param>
            <param index="11">
              <value>
                <![CDATA[no]]>
              </value>
            </param>
          </params>
          <reporter-output>
            <line>
              <![CDATA[!!!Anuj's payment data sent successfully- passed!!!]]>
            </line>
          </reporter-output>
        </test-method> <!-- sendPaymentData -->
        <test-method signature="sendPaymentData(java.lang.String,java.lang.String,java.lang.String,java.lang.String,java.lang.String,java.lang.String,java.lang.String,java.lang.String,java.lang.String,java.lang.String,java.lang.String,java.lang.String)[pri:1, instance:tests.TestCheckoutPage@6c40365c]" started-at="2026-04-12T09:34:32 IST" name="sendPaymentData" data-provider="paymentData" finished-at="2026-04-12T09:34:39 IST" duration-ms="7591" status="PASS">
          <params>
            <param index="0">
              <value>
                <![CDATA[MasterCard]]>
              </value>
            </param>
            <param index="1">
              <value>
                <![CDATA[6146 8788 0924]]>
              </value>
            </param>
            <param index="2">
              <value>
                <![CDATA[10/26]]>
              </value>
            </param>
            <param index="3">
              <value>
                <![CDATA[Warish]]>
              </value>
            </param>
            <param index="4">
              <value>
                <![CDATA[Somala]]>
              </value>
            </param>
            <param index="5">
              <value>
                <![CDATA[raja pul, ulta pul]]>
              </value>
            </param>
            <param index="6">
              <value>
                <![CDATA[near station]]>
              </value>
            </param>
            <param index="7">
              <value>
                <![CDATA[patna]]>
              </value>
            </param>
            <param index="8">
              <value>
                <![CDATA[Bihar]]>
              </value>
            </param>
            <param index="9">
              <value>
                <![CDATA[987634]]>
              </value>
            </param>
            <param index="10">
              <value>
                <![CDATA[India]]>
              </value>
            </param>
            <param index="11">
              <value>
                <![CDATA[yes]]>
              </value>
            </param>
          </params>
          <reporter-output>
            <line>
              <![CDATA[!!!Warish's payment data sent successfully- passed!!!]]>
            </line>
          </reporter-output>
        </test-method> <!-- sendPaymentData -->
        <test-method signature="moveToPaymentPageTest()[pri:0, instance:tests.TestCheckoutPage@6c40365c]" started-at="2026-04-12T09:34:39 IST" name="moveToPaymentPageTest" finished-at="2026-04-12T09:34:40 IST" depends-on-methods="tests.TestCheckoutPage.sendPaymentData" duration-ms="494" status="PASS">
          <reporter-output>
            <line>
              <![CDATA[!!!clicked on continue button-passed!!!]]>
            </line>
          </reporter-output>
        </test-method> <!-- moveToPaymentPageTest -->
      </class> <!-- tests.TestCheckoutPage -->
      <class name="tests.TestCategoryPage">
        <test-method is-config="true" signature="setup()[pri:0, instance:tests.TestCategoryPage@7770f470]" started-at="2026-04-12T09:33:59 IST" name="setup" finished-at="2026-04-12T09:33:59 IST" duration-ms="16" status="PASS">
          <reporter-output>
          </reporter-output>
        </test-method> <!-- setup -->
        <test-method signature="verifyCategoryPage()[pri:0, instance:tests.TestCategoryPage@7770f470]" started-at="2026-04-12T09:33:59 IST" name="verifyCategoryPage" finished-at="2026-04-12T09:33:59 IST" duration-ms="43" status="PASS">
          <reporter-output>
            <line>
              <![CDATA[!!!verification of category page completed-passed!!!]]>
            </line>
          </reporter-output>
        </test-method> <!-- verifyCategoryPage -->
        <test-method signature="selectAnyProductTest()[pri:1, instance:tests.TestCategoryPage@7770f470]" started-at="2026-04-12T09:33:59 IST" name="selectAnyProductTest" finished-at="2026-04-12T09:33:59 IST" duration-ms="590" status="PASS">
          <reporter-output>
            <line>
              <![CDATA[!!!Product is selected-passed!!!]]>
            </line>
          </reporter-output>
        </test-method> <!-- selectAnyProductTest -->
      </class> <!-- tests.TestCategoryPage -->
      <class name="tests.TestLoginPage">
        <test-method is-config="true" signature="setup()[pri:0, instance:tests.TestLoginPage@247bddad]" started-at="2026-04-12T09:33:27 IST" name="setup" finished-at="2026-04-12T09:33:29 IST" duration-ms="2634" status="PASS">
          <reporter-output>
          </reporter-output>
        </test-method> <!-- setup -->
        <test-method signature="verifyLoginPage()[pri:0, instance:tests.TestLoginPage@247bddad]" started-at="2026-04-12T09:33:29 IST" name="verifyLoginPage" finished-at="2026-04-12T09:33:29 IST" duration-ms="166" status="PASS">
          <reporter-output>
            <line>
              <![CDATA[!!!login page verified-passed!!!]]>
            </line>
          </reporter-output>
        </test-method> <!-- verifyLoginPage -->
        <test-method signature="testLogin(java.lang.String,java.lang.String)[pri:1, instance:tests.TestLoginPage@247bddad]" started-at="2026-04-12T09:33:33 IST" name="testLogin" data-provider="loginData" finished-at="2026-04-12T09:33:42 IST" duration-ms="8249" status="PASS">
          <params>
            <param index="0">
              <value>
                <![CDATA[Jhonn1]]>
              </value>
            </param>
            <param index="1">
              <value>
                <![CDATA[Jhonn1]]>
              </value>
            </param>
          </params>
          <reporter-output>
            <line>
              <![CDATA[!!!Login feature passed for user : Jhonn1 !!!]]>
            </line>
          </reporter-output>
        </test-method> <!-- testLogin -->
        <test-method signature="testLogin(java.lang.String,java.lang.String)[pri:1, instance:tests.TestLoginPage@247bddad]" started-at="2026-04-12T09:33:42 IST" name="testLogin" data-provider="loginData" finished-at="2026-04-12T09:33:48 IST" duration-ms="5830" status="PASS">
          <params>
            <param index="0">
              <value>
                <![CDATA[Jhonn2]]>
              </value>
            </param>
            <param index="1">
              <value>
                <![CDATA[Jhonn2]]>
              </value>
            </param>
          </params>
          <reporter-output>
            <line>
              <![CDATA[!!!Login feature passed for user : Jhonn2 !!!]]>
            </line>
          </reporter-output>
        </test-method> <!-- testLogin -->
      </class> <!-- tests.TestLoginPage -->
      <class name="tests.TestHomePage">
        <test-method is-config="true" signature="setup()[pri:0, instance:tests.TestHomePage@d35dea7]" started-at="2026-04-12T09:33:48 IST" name="setup" finished-at="2026-04-12T09:33:56 IST" duration-ms="8080" status="PASS">
          <reporter-output>
          </reporter-output>
        </test-method> <!-- setup -->
        <test-method signature="verifyHomepage()[pri:0, instance:tests.TestHomePage@d35dea7]" started-at="2026-04-12T09:33:56 IST" name="verifyHomepage" finished-at="2026-04-12T09:33:56 IST" duration-ms="121" status="PASS">
          <reporter-output>
            <line>
              <![CDATA[!!!Home Page validation passed!!!]]>
            </line>
          </reporter-output>
        </test-method> <!-- verifyHomepage -->
        <test-method signature="searchOnHomepageTest()[pri:1, instance:tests.TestHomePage@d35dea7]" started-at="2026-04-12T09:33:56 IST" name="searchOnHomepageTest" finished-at="2026-04-12T09:33:58 IST" duration-ms="2256" status="PASS">
          <reporter-output>
            <line>
              <![CDATA[!!!searching for pets passed!!!]]>
            </line>
          </reporter-output>
        </test-method> <!-- searchOnHomepageTest -->
        <test-method signature="clickOnAnyCategoryTest()[pri:2, instance:tests.TestHomePage@d35dea7]" started-at="2026-04-12T09:33:58 IST" name="clickOnAnyCategoryTest" finished-at="2026-04-12T09:33:59 IST" duration-ms="788" status="PASS">
          <reporter-output>
            <line>
              <![CDATA[!!!Able to click on category-passed!!!]]>
            </line>
          </reporter-output>
        </test-method> <!-- clickOnAnyCategoryTest -->
      </class> <!-- tests.TestHomePage -->
    </test> <!-- EdgeTests -->
    <test started-at="2026-04-12T09:34:46 IST" name="ChromeTests" finished-at="2026-04-12T09:35:48 IST" duration-ms="62221">
      <class name="tests.TestCartPage">
        <test-method is-config="true" signature="setup()[pri:0, instance:tests.TestCartPage@d21a74c]" started-at="2026-04-12T09:35:06 IST" name="setup" finished-at="2026-04-12T09:35:06 IST" duration-ms="8" status="PASS">
          <reporter-output>
          </reporter-output>
        </test-method> <!-- setup -->
        <test-method signature="verifyCartPageOpen()[pri:0, instance:tests.TestCartPage@d21a74c]" started-at="2026-04-12T09:35:06 IST" name="verifyCartPageOpen" finished-at="2026-04-12T09:35:06 IST" duration-ms="132" status="PASS">
          <reporter-output>
            <line>
              <![CDATA[!!!cart page verified-passed!!!]]>
            </line>
          </reporter-output>
        </test-method> <!-- verifyCartPageOpen -->
        <test-method signature="updateProductValueTest()[pri:1, instance:tests.TestCartPage@d21a74c]" started-at="2026-04-12T09:35:06 IST" name="updateProductValueTest" finished-at="2026-04-12T09:35:07 IST" duration-ms="475" status="PASS">
          <reporter-output>
            <line>
              <![CDATA[!!!product quantity updated-passed!!!]]>
            </line>
          </reporter-output>
        </test-method> <!-- updateProductValueTest -->
        <test-method signature="validatePrice()[pri:2, instance:tests.TestCartPage@d21a74c]" started-at="2026-04-12T09:35:07 IST" name="validatePrice" finished-at="2026-04-12T09:35:07 IST" duration-ms="470" status="PASS">
          <reporter-output>
            <line>
              <![CDATA[!!!Price validated-passed!!!]]>
            </line>
          </reporter-output>
        </test-method> <!-- validatePrice -->
        <test-method signature="proceedToCheckoutPageTest()[pri:0, instance:tests.TestCartPage@d21a74c]" started-at="2026-04-12T09:35:07 IST" name="proceedToCheckoutPageTest" finished-at="2026-04-12T09:35:08 IST" depends-on-methods="tests.TestCartPage.validatePrice" duration-ms="599" status="PASS">
          <reporter-output>
            <line>
              <![CDATA[!!!checkout button clicked-passed!!!]]>
            </line>
          </reporter-output>
        </test-method> <!-- proceedToCheckoutPageTest -->
      </class> <!-- tests.TestCartPage -->
      <class name="tests.TestLandingPage">
        <test-method is-config="true" signature="setup(java.lang.String)[pri:0, instance:tests.TestLandingPage@5f8edcc5]" started-at="2026-04-12T09:34:46 IST" name="setup" finished-at="2026-04-12T09:34:52 IST" duration-ms="6224" status="PASS">
          <params>
            <param index="0">
              <value>
                <![CDATA[chrome]]>
              </value>
            </param>
          </params>
          <reporter-output>
          </reporter-output>
        </test-method> <!-- setup -->
        <test-method is-config="true" signature="setup()[pri:0, instance:tests.TestLandingPage@5f8edcc5]" started-at="2026-04-12T09:34:52 IST" name="setup" finished-at="2026-04-12T09:34:52 IST" duration-ms="7" status="PASS">
          <reporter-output>
          </reporter-output>
        </test-method> <!-- setup -->
        <test-method signature="testLandingPage()[pri:0, instance:tests.TestLandingPage@5f8edcc5]" started-at="2026-04-12T09:34:52 IST" name="testLandingPage" finished-at="2026-04-12T09:34:52 IST" duration-ms="126" status="PASS">
          <reporter-output>
            <line>
              <![CDATA[!!!Landing page verification passed!!!]]>
            </line>
          </reporter-output>
        </test-method> <!-- testLandingPage -->
        <test-method signature="navigateToHome()[pri:1, instance:tests.TestLandingPage@5f8edcc5]" started-at="2026-04-12T09:34:52 IST" name="navigateToHome" finished-at="2026-04-12T09:34:53 IST" duration-ms="978" status="PASS">
          <reporter-output>
            <line>
              <![CDATA[!!!Succefully navigated to home page!!!]]>
            </line>
          </reporter-output>
        </test-method> <!-- navigateToHome -->
        <test-method is-config="true" signature="teardown()[pri:0, instance:tests.TestLandingPage@5f8edcc5]" started-at="2026-04-12T09:35:42 IST" name="teardown" finished-at="2026-04-12T09:35:48 IST" duration-ms="6085" status="PASS">
          <reporter-output>
          </reporter-output>
        </test-method> <!-- teardown -->
      </class> <!-- tests.TestLandingPage -->
      <class name="tests.TestProductListPage">
        <test-method is-config="true" signature="setup()[pri:0, instance:tests.TestProductListPage@15ca7889]" started-at="2026-04-12T09:35:04 IST" name="setup" finished-at="2026-04-12T09:35:04 IST" duration-ms="8" status="PASS">
          <reporter-output>
          </reporter-output>
        </test-method> <!-- setup -->
        <test-method signature="verifyProductListPage()[pri:0, instance:tests.TestProductListPage@15ca7889]" started-at="2026-04-12T09:35:04 IST" name="verifyProductListPage" finished-at="2026-04-12T09:35:04 IST" duration-ms="88" status="PASS">
          <reporter-output>
            <line>
              <![CDATA[!!!verification of productlist page done-passed!!!]]>
            </line>
          </reporter-output>
        </test-method> <!-- verifyProductListPage -->
        <test-method signature="clickOnProductTest()[pri:1, instance:tests.TestProductListPage@15ca7889]" started-at="2026-04-12T09:35:04 IST" name="clickOnProductTest" finished-at="2026-04-12T09:35:05 IST" duration-ms="934" status="PASS">
          <reporter-output>
            <line>
              <![CDATA[!!!Product selected-passed!!!]]>
            </line>
          </reporter-output>
        </test-method> <!-- clickOnProductTest -->
      </class> <!-- tests.TestProductListPage -->
      <class name="tests.TestProductPage">
        <test-method is-config="true" signature="setup()[pri:0, instance:tests.TestProductPage@7a675056]" started-at="2026-04-12T09:35:05 IST" name="setup" finished-at="2026-04-12T09:35:05 IST" duration-ms="5" status="PASS">
          <reporter-output>
          </reporter-output>
        </test-method> <!-- setup -->
        <test-method signature="verifyProductPage()[pri:0, instance:tests.TestProductPage@7a675056]" started-at="2026-04-12T09:35:05 IST" name="verifyProductPage" finished-at="2026-04-12T09:35:05 IST" duration-ms="99" status="PASS">
          <reporter-output>
            <line>
              <![CDATA[!!!verification of product page done-passed!!!]]>
            </line>
          </reporter-output>
        </test-method> <!-- verifyProductPage -->
        <test-method signature="addProductToCartTest()[pri:1, instance:tests.TestProductPage@7a675056]" started-at="2026-04-12T09:35:05 IST" name="addProductToCartTest" finished-at="2026-04-12T09:35:06 IST" duration-ms="608" status="PASS">
          <reporter-output>
            <line>
              <![CDATA[!!!product added to cart-passed!!!]]>
            </line>
          </reporter-output>
        </test-method> <!-- addProductToCartTest -->
      </class> <!-- tests.TestProductPage -->
      <class name="tests.TestCheckoutPage">
        <test-method is-config="true" signature="setup()[pri:0, instance:tests.TestCheckoutPage@6e509ffa]" started-at="2026-04-12T09:35:08 IST" name="setup" finished-at="2026-04-12T09:35:08 IST" duration-ms="5" status="PASS">
          <reporter-output>
          </reporter-output>
        </test-method> <!-- setup -->
        <test-method signature="verifyCheckoutPage()[pri:0, instance:tests.TestCheckoutPage@6e509ffa]" started-at="2026-04-12T09:35:08 IST" name="verifyCheckoutPage" finished-at="2026-04-12T09:35:08 IST" duration-ms="85" status="PASS">
          <reporter-output>
            <line>
              <![CDATA[!!!checkout page verified-passed!!!]]>
            </line>
          </reporter-output>
        </test-method> <!-- verifyCheckoutPage -->
        <test-method signature="sendPaymentData(java.lang.String,java.lang.String,java.lang.String,java.lang.String,java.lang.String,java.lang.String,java.lang.String,java.lang.String,java.lang.String,java.lang.String,java.lang.String,java.lang.String)[pri:1, instance:tests.TestCheckoutPage@6e509ffa]" started-at="2026-04-12T09:35:08 IST" name="sendPaymentData" data-provider="paymentData" finished-at="2026-04-12T09:35:13 IST" duration-ms="4735" status="PASS">
          <params>
            <param index="0">
              <value>
                <![CDATA[Visa]]>
              </value>
            </param>
            <param index="1">
              <value>
                <![CDATA[1245 0987 5625]]>
              </value>
            </param>
            <param index="2">
              <value>
                <![CDATA[09/23]]>
              </value>
            </param>
            <param index="3">
              <value>
                <![CDATA[Anit]]>
              </value>
            </param>
            <param index="4">
              <value>
                <![CDATA[Kumar]]>
              </value>
            </param>
            <param index="5">
              <value>
                <![CDATA[2nd road, village]]>
              </value>
            </param>
            <param index="6">
              <value>
                <![CDATA[near station]]>
              </value>
            </param>
            <param index="7">
              <value>
                <![CDATA[rajgao]]>
              </value>
            </param>
            <param index="8">
              <value>
                <![CDATA[Jammu]]>
              </value>
            </param>
            <param index="9">
              <value>
                <![CDATA[986567]]>
              </value>
            </param>
            <param index="10">
              <value>
                <![CDATA[India]]>
              </value>
            </param>
            <param index="11">
              <value>
                <![CDATA[no]]>
              </value>
            </param>
          </params>
          <reporter-output>
            <line>
              <![CDATA[!!!Anit's payment data sent successfully- passed!!!]]>
            </line>
          </reporter-output>
        </test-method> <!-- sendPaymentData -->
        <test-method signature="sendPaymentData(java.lang.String,java.lang.String,java.lang.String,java.lang.String,java.lang.String,java.lang.String,java.lang.String,java.lang.String,java.lang.String,java.lang.String,java.lang.String,java.lang.String)[pri:1, instance:tests.TestCheckoutPage@6e509ffa]" started-at="2026-04-12T09:35:13 IST" name="sendPaymentData" data-provider="paymentData" finished-at="2026-04-12T09:35:17 IST" duration-ms="4147" status="PASS">
          <params>
            <param index="0">
              <value>
                <![CDATA[MasterCard]]>
              </value>
            </param>
            <param index="1">
              <value>
                <![CDATA[2301 0987 6256]]>
              </value>
            </param>
            <param index="2">
              <value>
                <![CDATA[10/24]]>
              </value>
            </param>
            <param index="3">
              <value>
                <![CDATA[Arun]]>
              </value>
            </param>
            <param index="4">
              <value>
                <![CDATA[Yadav]]>
              </value>
            </param>
            <param index="5">
              <value>
                <![CDATA[1st line, city]]>
              </value>
            </param>
            <param index="6">
              <value>
                <![CDATA[near home]]>
              </value>
            </param>
            <param index="7">
              <value>
                <![CDATA[pradesh]]>
              </value>
            </param>
            <param index="8">
              <value>
                <![CDATA[Punjab]]>
              </value>
            </param>
            <param index="9">
              <value>
                <![CDATA[754534]]>
              </value>
            </param>
            <param index="10">
              <value>
                <![CDATA[India]]>
              </value>
            </param>
            <param index="11">
              <value>
                <![CDATA[no]]>
              </value>
            </param>
          </params>
          <reporter-output>
            <line>
              <![CDATA[!!!Arun's payment data sent successfully- passed!!!]]>
            </line>
          </reporter-output>
        </test-method> <!-- sendPaymentData -->
        <test-method signature="sendPaymentData(java.lang.String,java.lang.String,java.lang.String,java.lang.String,java.lang.String,java.lang.String,java.lang.String,java.lang.String,java.lang.String,java.lang.String,java.lang.String,java.lang.String)[pri:1, instance:tests.TestCheckoutPage@6e509ffa]" started-at="2026-04-12T09:35:17 IST" name="sendPaymentData" data-provider="paymentData" finished-at="2026-04-12T09:35:22 IST" duration-ms="4673" status="PASS">
          <params>
            <param index="0">
              <value>
                <![CDATA[American Express]]>
              </value>
            </param>
            <param index="1">
              <value>
                <![CDATA[6146 8788 0923]]>
              </value>
            </param>
            <param index="2">
              <value>
                <![CDATA[01/24]]>
              </value>
            </param>
            <param index="3">
              <value>
                <![CDATA[Animesh]]>
              </value>
            </param>
            <param index="4">
              <value>
                <![CDATA[Somala]]>
              </value>
            </param>
            <param index="5">
              <value>
                <![CDATA[2nd street, village]]>
              </value>
            </param>
            <param index="6">
              <value>
                <![CDATA[behind temple]]>
              </value>
            </param>
            <param index="7">
              <value>
                <![CDATA[sikar]]>
              </value>
            </param>
            <param index="8">
              <value>
                <![CDATA[Haryana]]>
              </value>
            </param>
            <param index="9">
              <value>
                <![CDATA[358976]]>
              </value>
            </param>
            <param index="10">
              <value>
                <![CDATA[India]]>
              </value>
            </param>
            <param index="11">
              <value>
                <![CDATA[no]]>
              </value>
            </param>
          </params>
          <reporter-output>
            <line>
              <![CDATA[!!!Animesh's payment data sent successfully- passed!!!]]>
            </line>
          </reporter-output>
        </test-method> <!-- sendPaymentData -->
        <test-method signature="sendPaymentData(java.lang.String,java.lang.String,java.lang.String,java.lang.String,java.lang.String,java.lang.String,java.lang.String,java.lang.String,java.lang.String,java.lang.String,java.lang.String,java.lang.String)[pri:1, instance:tests.TestCheckoutPage@6e509ffa]" started-at="2026-04-12T09:35:22 IST" name="sendPaymentData" data-provider="paymentData" finished-at="2026-04-12T09:35:27 IST" duration-ms="5783" status="PASS">
          <params>
            <param index="0">
              <value>
                <![CDATA[Visa]]>
              </value>
            </param>
            <param index="1">
              <value>
                <![CDATA[1479 8357 8368]]>
              </value>
            </param>
            <param index="2">
              <value>
                <![CDATA[11/25]]>
              </value>
            </param>
            <param index="3">
              <value>
                <![CDATA[Rajat]]>
              </value>
            </param>
            <param index="4">
              <value>
                <![CDATA[Kumar]]>
              </value>
            </param>
            <param index="5">
              <value>
                <![CDATA[opposite street , mayana salai]]>
              </value>
            </param>
            <param index="6">
              <value>
                <![CDATA[near station]]>
              </value>
            </param>
            <param index="7">
              <value>
                <![CDATA[chennai]]>
              </value>
            </param>
            <param index="8">
              <value>
                <![CDATA[Tamil  Nadu]]>
              </value>
            </param>
            <param index="9">
              <value>
                <![CDATA[538363]]>
              </value>
            </param>
            <param index="10">
              <value>
                <![CDATA[India]]>
              </value>
            </param>
            <param index="11">
              <value>
                <![CDATA[no]]>
              </value>
            </param>
          </params>
          <reporter-output>
            <line>
              <![CDATA[!!!Rajat's payment data sent successfully- passed!!!]]>
            </line>
          </reporter-output>
        </test-method> <!-- sendPaymentData -->
        <test-method signature="sendPaymentData(java.lang.String,java.lang.String,java.lang.String,java.lang.String,java.lang.String,java.lang.String,java.lang.String,java.lang.String,java.lang.String,java.lang.String,java.lang.String,java.lang.String)[pri:1, instance:tests.TestCheckoutPage@6e509ffa]" started-at="2026-04-12T09:35:27 IST" name="sendPaymentData" data-provider="paymentData" finished-at="2026-04-12T09:35:34 IST" duration-ms="6088" status="PASS">
          <params>
            <param index="0">
              <value>
                <![CDATA[American Express]]>
              </value>
            </param>
            <param index="1">
              <value>
                <![CDATA[6546 0987 8009]]>
              </value>
            </param>
            <param index="2">
              <value>
                <![CDATA[07/24]]>
              </value>
            </param>
            <param index="3">
              <value>
                <![CDATA[Anuj]]>
              </value>
            </param>
            <param index="4">
              <value>
                <![CDATA[Yadav]]>
              </value>
            </param>
            <param index="5">
              <value>
                <![CDATA[near post office]]>
              </value>
            </param>
            <param index="6">
              <value>
                <![CDATA[near home]]>
              </value>
            </param>
            <param index="7">
              <value>
                <![CDATA[basant nagar]]>
              </value>
            </param>
            <param index="8">
              <value>
                <![CDATA[Delhi]]>
              </value>
            </param>
            <param index="9">
              <value>
                <![CDATA[173637]]>
              </value>
            </param>
            <param index="10">
              <value>
                <![CDATA[India]]>
              </value>
            </param>
            <param index="11">
              <value>
                <![CDATA[no]]>
              </value>
            </param>
          </params>
          <reporter-output>
            <line>
              <![CDATA[!!!Anuj's payment data sent successfully- passed!!!]]>
            </line>
          </reporter-output>
        </test-method> <!-- sendPaymentData -->
        <test-method signature="sendPaymentData(java.lang.String,java.lang.String,java.lang.String,java.lang.String,java.lang.String,java.lang.String,java.lang.String,java.lang.String,java.lang.String,java.lang.String,java.lang.String,java.lang.String)[pri:1, instance:tests.TestCheckoutPage@6e509ffa]" started-at="2026-04-12T09:35:34 IST" name="sendPaymentData" data-provider="paymentData" finished-at="2026-04-12T09:35:41 IST" duration-ms="7842" status="PASS">
          <params>
            <param index="0">
              <value>
                <![CDATA[MasterCard]]>
              </value>
            </param>
            <param index="1">
              <value>
                <![CDATA[6146 8788 0924]]>
              </value>
            </param>
            <param index="2">
              <value>
                <![CDATA[10/26]]>
              </value>
            </param>
            <param index="3">
              <value>
                <![CDATA[Warish]]>
              </value>
            </param>
            <param index="4">
              <value>
                <![CDATA[Somala]]>
              </value>
            </param>
            <param index="5">
              <value>
                <![CDATA[raja pul, ulta pul]]>
              </value>
            </param>
            <param index="6">
              <value>
                <![CDATA[near station]]>
              </value>
            </param>
            <param index="7">
              <value>
                <![CDATA[patna]]>
              </value>
            </param>
            <param index="8">
              <value>
                <![CDATA[Bihar]]>
              </value>
            </param>
            <param index="9">
              <value>
                <![CDATA[987634]]>
              </value>
            </param>
            <param index="10">
              <value>
                <![CDATA[India]]>
              </value>
            </param>
            <param index="11">
              <value>
                <![CDATA[yes]]>
              </value>
            </param>
          </params>
          <reporter-output>
            <line>
              <![CDATA[!!!Warish's payment data sent successfully- passed!!!]]>
            </line>
          </reporter-output>
        </test-method> <!-- sendPaymentData -->
        <test-method signature="moveToPaymentPageTest()[pri:0, instance:tests.TestCheckoutPage@6e509ffa]" started-at="2026-04-12T09:35:41 IST" name="moveToPaymentPageTest" finished-at="2026-04-12T09:35:42 IST" depends-on-methods="tests.TestCheckoutPage.sendPaymentData" duration-ms="453" status="PASS">
          <reporter-output>
            <line>
              <![CDATA[!!!clicked on continue button-passed!!!]]>
            </line>
          </reporter-output>
        </test-method> <!-- moveToPaymentPageTest -->
      </class> <!-- tests.TestCheckoutPage -->
      <class name="tests.TestCategoryPage">
        <test-method is-config="true" signature="setup()[pri:0, instance:tests.TestCategoryPage@3c0be339]" started-at="2026-04-12T09:35:04 IST" name="setup" finished-at="2026-04-12T09:35:04 IST" duration-ms="3" status="PASS">
          <reporter-output>
          </reporter-output>
        </test-method> <!-- setup -->
        <test-method signature="verifyCategoryPage()[pri:0, instance:tests.TestCategoryPage@3c0be339]" started-at="2026-04-12T09:35:04 IST" name="verifyCategoryPage" finished-at="2026-04-12T09:35:04 IST" duration-ms="64" status="PASS">
          <reporter-output>
            <line>
              <![CDATA[!!!verification of category page completed-passed!!!]]>
            </line>
          </reporter-output>
        </test-method> <!-- verifyCategoryPage -->
        <test-method signature="selectAnyProductTest()[pri:1, instance:tests.TestCategoryPage@3c0be339]" started-at="2026-04-12T09:35:04 IST" name="selectAnyProductTest" finished-at="2026-04-12T09:35:04 IST" duration-ms="599" status="PASS">
          <reporter-output>
            <line>
              <![CDATA[!!!Product is selected-passed!!!]]>
            </line>
          </reporter-output>
        </test-method> <!-- selectAnyProductTest -->
      </class> <!-- tests.TestCategoryPage -->
      <class name="tests.TestLoginPage">
        <test-method is-config="true" signature="setup()[pri:0, instance:tests.TestLoginPage@7b02881e]" started-at="2026-04-12T09:34:53 IST" name="setup" finished-at="2026-04-12T09:34:54 IST" duration-ms="617" status="PASS">
          <reporter-output>
          </reporter-output>
        </test-method> <!-- setup -->
        <test-method signature="verifyLoginPage()[pri:0, instance:tests.TestLoginPage@7b02881e]" started-at="2026-04-12T09:34:54 IST" name="verifyLoginPage" finished-at="2026-04-12T09:34:54 IST" duration-ms="80" status="PASS">
          <reporter-output>
            <line>
              <![CDATA[!!!login page verified-passed!!!]]>
            </line>
          </reporter-output>
        </test-method> <!-- verifyLoginPage -->
        <test-method signature="testLogin(java.lang.String,java.lang.String)[pri:1, instance:tests.TestLoginPage@7b02881e]" started-at="2026-04-12T09:34:54 IST" name="testLogin" data-provider="loginData" finished-at="2026-04-12T09:34:57 IST" duration-ms="2813" status="PASS">
          <params>
            <param index="0">
              <value>
                <![CDATA[Jhonn1]]>
              </value>
            </param>
            <param index="1">
              <value>
                <![CDATA[Jhonn1]]>
              </value>
            </param>
          </params>
          <reporter-output>
            <line>
              <![CDATA[!!!Login feature passed for user : Jhonn1 !!!]]>
            </line>
          </reporter-output>
        </test-method> <!-- testLogin -->
        <test-method signature="testLogin(java.lang.String,java.lang.String)[pri:1, instance:tests.TestLoginPage@7b02881e]" started-at="2026-04-12T09:34:57 IST" name="testLogin" data-provider="loginData" finished-at="2026-04-12T09:34:58 IST" duration-ms="1642" status="PASS">
          <params>
            <param index="0">
              <value>
                <![CDATA[Jhonn2]]>
              </value>
            </param>
            <param index="1">
              <value>
                <![CDATA[Jhonn2]]>
              </value>
            </param>
          </params>
          <reporter-output>
            <line>
              <![CDATA[!!!Login feature passed for user : Jhonn2 !!!]]>
            </line>
          </reporter-output>
        </test-method> <!-- testLogin -->
      </class> <!-- tests.TestLoginPage -->
      <class name="tests.TestHomePage">
        <test-method is-config="true" signature="setup()[pri:0, instance:tests.TestHomePage@1ebd319f]" started-at="2026-04-12T09:34:58 IST" name="setup" finished-at="2026-04-12T09:35:00 IST" duration-ms="1988" status="PASS">
          <reporter-output>
          </reporter-output>
        </test-method> <!-- setup -->
        <test-method signature="verifyHomepage()[pri:0, instance:tests.TestHomePage@1ebd319f]" started-at="2026-04-12T09:35:00 IST" name="verifyHomepage" finished-at="2026-04-12T09:35:00 IST" duration-ms="90" status="PASS">
          <reporter-output>
            <line>
              <![CDATA[!!!Home Page validation passed!!!]]>
            </line>
          </reporter-output>
        </test-method> <!-- verifyHomepage -->
        <test-method signature="searchOnHomepageTest()[pri:1, instance:tests.TestHomePage@1ebd319f]" started-at="2026-04-12T09:35:00 IST" name="searchOnHomepageTest" finished-at="2026-04-12T09:35:03 IST" duration-ms="2515" status="PASS">
          <reporter-output>
            <line>
              <![CDATA[!!!searching for pets passed!!!]]>
            </line>
          </reporter-output>
        </test-method> <!-- searchOnHomepageTest -->
        <test-method signature="clickOnAnyCategoryTest()[pri:2, instance:tests.TestHomePage@1ebd319f]" started-at="2026-04-12T09:35:03 IST" name="clickOnAnyCategoryTest" finished-at="2026-04-12T09:35:04 IST" duration-ms="636" status="PASS">
          <reporter-output>
            <line>
              <![CDATA[!!!Able to click on category-passed!!!]]>
            </line>
          </reporter-output>
        </test-method> <!-- clickOnAnyCategoryTest -->
      </class> <!-- tests.TestHomePage -->
    </test> <!-- ChromeTests -->
  </suite> <!-- E-Commerce WorkFlow -->
</testng-results>
