<?xml version="1.0" encoding="UTF-8"?>
<!-- Generated by org.testng.reporters.JUnitReportReporter -->
<testsuite hostname="LTIN718868" failures="0" tests="4" name="tests.TestProductPage" time="1.344" errors="0" timestamp="2026-04-12T09:35:49 IST" skipped="0">
  <testcase classname="tests.TestProductPage" name="verifyProductPage" time="0.099">
    <system-out>
      <![CDATA[!!!verification of product page done-passed!!!]]>
    </system-out>
  </testcase> <!-- verifyProductPage -->
  <testcase classname="tests.TestProductPage" name="verifyProductPage" time="0.098">
    <system-out>
      <![CDATA[!!!verification of product page done-passed!!!]]>
    </system-out>
  </testcase> <!-- verifyProductPage -->
  <testcase classname="tests.TestProductPage" name="addProductToCartTest" time="0.608">
    <system-out>
      <![CDATA[!!!product added to cart-passed!!!]]>
    </system-out>
  </testcase> <!-- addProductToCartTest -->
  <testcase classname="tests.TestProductPage" name="addProductToCartTest" time="0.539">
    <system-out>
      <![CDATA[!!!product added to cart-passed!!!]]>
    </system-out>
  </testcase> <!-- addProductToCartTest -->
  <system-out>
    <![CDATA[!!!Landing page verification passed!!!
!!!Succefully navigated to home page!!!
!!!login page verified-passed!!!
Read Excel file successfull
!!!Login feature passed for user : Jhonn1 !!!
!!!Login feature passed for user : Jhonn2 !!!
!!!Home Page validation passed!!!
!!!searching for pets passed!!!
!!!Able to click on category-passed!!!
!!!verification of category page completed-passed!!!
!!!Product is selected-passed!!!
!!!verification of productlist page done-passed!!!
!!!Product selected-passed!!!
!!!verification of product page done-passed!!!
!!!product added to cart-passed!!!
!!!cart page verified-passed!!!
!!!product quantity updated-passed!!!
!!!Price validated-passed!!!
!!!checkout button clicked-passed!!!
!!!checkout page verified-passed!!!
!!!Anit's payment data sent successfully- passed!!!
!!!Arun's payment data sent successfully- passed!!!
!!!Animesh's payment data sent successfully- passed!!!
!!!Rajat's payment data sent successfully- passed!!!
!!!Anuj's payment data sent successfully- passed!!!
!!!Warish's payment data sent successfully- passed!!!
!!!clicked on continue button-passed!!!
!!!Landing page verification passed!!!
!!!Succefully navigated to home page!!!
!!!login page verified-passed!!!
Read Excel file successfull
!!!Login feature passed for user : Jhonn1 !!!
!!!Login feature passed for user : Jhonn2 !!!
!!!Home Page validation passed!!!
!!!searching for pets passed!!!
!!!Able to click on category-passed!!!
!!!verification of category page completed-passed!!!
!!!Product is selected-passed!!!
!!!verification of productlist page done-passed!!!
!!!Product selected-passed!!!
!!!verification of product page done-passed!!!
!!!product added to cart-passed!!!
!!!cart page verified-passed!!!
!!!product quantity updated-passed!!!
!!!Price validated-passed!!!
!!!checkout button clicked-passed!!!
!!!checkout page verified-passed!!!
!!!Anit's payment data sent successfully- passed!!!
!!!Arun's payment data sent successfully- passed!!!
!!!Animesh's payment data sent successfully- passed!!!
!!!Rajat's payment data sent successfully- passed!!!
!!!Anuj's payment data sent successfully- passed!!!
!!!Warish's payment data sent successfully- passed!!!
!!!clicked on continue button-passed!!!]]>
  </system-out>
</testsuite> <!-- tests.TestProductPage -->
