<?xml version="1.0" encoding="UTF-8"?>
<!-- Generated by org.testng.reporters.JUnitReportReporter -->
<testsuite hostname="LTIN718868" failures="0" tests="16" name="tests.TestCheckoutPage" time="69.972" errors="0" timestamp="2026-04-12T09:35:48 IST" skipped="0">
  <testcase classname="tests.TestCheckoutPage" name="moveToPaymentPageTest" time="0.453">
    <system-out>
      <![CDATA[!!!clicked on continue button-passed!!!]]>
    </system-out>
  </testcase> <!-- moveToPaymentPageTest -->
  <testcase classname="tests.TestCheckoutPage" name="moveToPaymentPageTest" time="0.494">
    <system-out>
      <![CDATA[!!!clicked on continue button-passed!!!]]>
    </system-out>
  </testcase> <!-- moveToPaymentPageTest -->
  <testcase classname="tests.TestCheckoutPage" name="verifyCheckoutPage" time="0.085">
    <system-out>
      <![CDATA[!!!checkout page verified-passed!!!]]>
    </system-out>
  </testcase> <!-- verifyCheckoutPage -->
  <testcase classname="tests.TestCheckoutPage" name="verifyCheckoutPage" time="0.080">
    <system-out>
      <![CDATA[!!!checkout page verified-passed!!!]]>
    </system-out>
  </testcase> <!-- verifyCheckoutPage -->
  <testcase classname="tests.TestCheckoutPage" name="sendPaymentData" time="7.842">
    <system-out>
      <![CDATA[!!!Warish's payment data sent successfully- passed!!!]]>
    </system-out>
  </testcase> <!-- sendPaymentData -->
  <testcase classname="tests.TestCheckoutPage" name="sendPaymentData" time="4.707">
    <system-out>
      <![CDATA[!!!Anuj's payment data sent successfully- passed!!!]]>
    </system-out>
  </testcase> <!-- sendPaymentData -->
  <testcase classname="tests.TestCheckoutPage" name="sendPaymentData" time="7.591">
    <system-out>
      <![CDATA[!!!Warish's payment data sent successfully- passed!!!]]>
    </system-out>
  </testcase> <!-- sendPaymentData -->
  <testcase classname="tests.TestCheckoutPage" name="sendPaymentData" time="5.572">
    <system-out>
      <![CDATA[!!!Rajat's payment data sent successfully- passed!!!]]>
    </system-out>
  </testcase> <!-- sendPaymentData -->
  <testcase classname="tests.TestCheckoutPage" name="sendPaymentData" time="5.783">
    <system-out>
      <![CDATA[!!!Rajat's payment data sent successfully- passed!!!]]>
    </system-out>
  </testcase> <!-- sendPaymentData -->
  <testcase classname="tests.TestCheckoutPage" name="sendPaymentData" time="6.088">
    <system-out>
      <![CDATA[!!!Anuj's payment data sent successfully- passed!!!]]>
    </system-out>
  </testcase> <!-- sendPaymentData -->
  <testcase classname="tests.TestCheckoutPage" name="sendPaymentData" time="6.326">
    <system-out>
      <![CDATA[!!!Anit's payment data sent successfully- passed!!!]]>
    </system-out>
  </testcase> <!-- sendPaymentData -->
  <testcase classname="tests.TestCheckoutPage" name="sendPaymentData" time="5.666">
    <system-out>
      <![CDATA[!!!Arun's payment data sent successfully- passed!!!]]>
    </system-out>
  </testcase> <!-- sendPaymentData -->
  <testcase classname="tests.TestCheckoutPage" name="sendPaymentData" time="4.147">
    <system-out>
      <![CDATA[!!!Arun's payment data sent successfully- passed!!!]]>
    </system-out>
  </testcase> <!-- sendPaymentData -->
  <testcase classname="tests.TestCheckoutPage" name="sendPaymentData" time="4.673">
    <system-out>
      <![CDATA[!!!Animesh's payment data sent successfully- passed!!!]]>
    </system-out>
  </testcase> <!-- sendPaymentData -->
  <testcase classname="tests.TestCheckoutPage" name="sendPaymentData" time="4.735">
    <system-out>
      <![CDATA[!!!Anit's payment data sent successfully- passed!!!]]>
    </system-out>
  </testcase> <!-- sendPaymentData -->
  <testcase classname="tests.TestCheckoutPage" name="sendPaymentData" time="5.730">
    <system-out>
      <![CDATA[!!!Animesh's payment data sent successfully- passed!!!]]>
    </system-out>
  </testcase> <!-- sendPaymentData -->
  <system-out>
    <![CDATA[!!!Landing page verification passed!!!
!!!Succefully navigated to home page!!!
!!!login page verified-passed!!!
Read Excel file successfull
!!!Login feature passed for user : Jhonn1 !!!
!!!Login feature passed for user : Jhonn2 !!!
!!!Home Page validation passed!!!
!!!searching for pets passed!!!
!!!Able to click on category-passed!!!
!!!verification of category page completed-passed!!!
!!!Product is selected-passed!!!
!!!verification of productlist page done-passed!!!
!!!Product selected-passed!!!
!!!verification of product page done-passed!!!
!!!product added to cart-passed!!!
!!!cart page verified-passed!!!
!!!product quantity updated-passed!!!
!!!Price validated-passed!!!
!!!checkout button clicked-passed!!!
!!!checkout page verified-passed!!!
!!!Anit's payment data sent successfully- passed!!!
!!!Arun's payment data sent successfully- passed!!!
!!!Animesh's payment data sent successfully- passed!!!
!!!Rajat's payment data sent successfully- passed!!!
!!!Anuj's payment data sent successfully- passed!!!
!!!Warish's payment data sent successfully- passed!!!
!!!clicked on continue button-passed!!!
!!!Landing page verification passed!!!
!!!Succefully navigated to home page!!!
!!!login page verified-passed!!!
Read Excel file successfull
!!!Login feature passed for user : Jhonn1 !!!
!!!Login feature passed for user : Jhonn2 !!!
!!!Home Page validation passed!!!
!!!searching for pets passed!!!
!!!Able to click on category-passed!!!
!!!verification of category page completed-passed!!!
!!!Product is selected-passed!!!
!!!verification of productlist page done-passed!!!
!!!Product selected-passed!!!
!!!verification of product page done-passed!!!
!!!product added to cart-passed!!!
!!!cart page verified-passed!!!
!!!product quantity updated-passed!!!
!!!Price validated-passed!!!
!!!checkout button clicked-passed!!!
!!!checkout page verified-passed!!!
!!!Anit's payment data sent successfully- passed!!!
!!!Arun's payment data sent successfully- passed!!!
!!!Animesh's payment data sent successfully- passed!!!
!!!Rajat's payment data sent successfully- passed!!!
!!!Anuj's payment data sent successfully- passed!!!
!!!Warish's payment data sent successfully- passed!!!
!!!clicked on continue button-passed!!!]]>
  </system-out>
</testsuite> <!-- tests.TestCheckoutPage -->
