<?xml version="1.0" encoding="UTF-8"?>
<!-- Generated by org.testng.reporters.JUnitReportReporter -->
<testsuite hostname="LTIN718868" failures="0" tests="8" name="tests.TestCartPage" time="3.566" errors="0" timestamp="2026-04-12T09:35:48 IST" skipped="0">
  <testcase classname="tests.TestCartPage" name="verifyCartPageOpen" time="0.132">
    <system-out>
      <![CDATA[!!!cart page verified-passed!!!]]>
    </system-out>
  </testcase> <!-- verifyCartPageOpen -->
  <testcase classname="tests.TestCartPage" name="proceedToCheckoutPageTest" time="0.599">
    <system-out>
      <![CDATA[!!!checkout button clicked-passed!!!]]>
    </system-out>
  </testcase> <!-- proceedToCheckoutPageTest -->
  <testcase classname="tests.TestCartPage" name="proceedToCheckoutPageTest" time="0.582">
    <system-out>
      <![CDATA[!!!checkout button clicked-passed!!!]]>
    </system-out>
  </testcase> <!-- proceedToCheckoutPageTest -->
  <testcase classname="tests.TestCartPage" name="verifyCartPageOpen" time="0.152">
    <system-out>
      <![CDATA[!!!cart page verified-passed!!!]]>
    </system-out>
  </testcase> <!-- verifyCartPageOpen -->
  <testcase classname="tests.TestCartPage" name="updateProductValueTest" time="0.856">
    <system-out>
      <![CDATA[!!!product quantity updated-passed!!!]]>
    </system-out>
  </testcase> <!-- updateProductValueTest -->
  <testcase classname="tests.TestCartPage" name="updateProductValueTest" time="0.475">
    <system-out>
      <![CDATA[!!!product quantity updated-passed!!!]]>
    </system-out>
  </testcase> <!-- updateProductValueTest -->
  <testcase classname="tests.TestCartPage" name="validatePrice" time="0.300">
    <system-out>
      <![CDATA[!!!Price validated-passed!!!]]>
    </system-out>
  </testcase> <!-- validatePrice -->
  <testcase classname="tests.TestCartPage" name="validatePrice" time="0.470">
    <system-out>
      <![CDATA[!!!Price validated-passed!!!]]>
    </system-out>
  </testcase> <!-- validatePrice -->
  <system-out>
    <![CDATA[!!!Landing page verification passed!!!
!!!Succefully navigated to home page!!!
!!!login page verified-passed!!!
Read Excel file successfull
!!!Login feature passed for user : Jhonn1 !!!
!!!Login feature passed for user : Jhonn2 !!!
!!!Home Page validation passed!!!
!!!searching for pets passed!!!
!!!Able to click on category-passed!!!
!!!verification of category page completed-passed!!!
!!!Product is selected-passed!!!
!!!verification of productlist page done-passed!!!
!!!Product selected-passed!!!
!!!verification of product page done-passed!!!
!!!product added to cart-passed!!!
!!!cart page verified-passed!!!
!!!product quantity updated-passed!!!
!!!Price validated-passed!!!
!!!checkout button clicked-passed!!!
!!!checkout page verified-passed!!!
!!!Anit's payment data sent successfully- passed!!!
!!!Arun's payment data sent successfully- passed!!!
!!!Animesh's payment data sent successfully- passed!!!
!!!Rajat's payment data sent successfully- passed!!!
!!!Anuj's payment data sent successfully- passed!!!
!!!Warish's payment data sent successfully- passed!!!
!!!clicked on continue button-passed!!!
!!!Landing page verification passed!!!
!!!Succefully navigated to home page!!!
!!!login page verified-passed!!!
Read Excel file successfull
!!!Login feature passed for user : Jhonn1 !!!
!!!Login feature passed for user : Jhonn2 !!!
!!!Home Page validation passed!!!
!!!searching for pets passed!!!
!!!Able to click on category-passed!!!
!!!verification of category page completed-passed!!!
!!!Product is selected-passed!!!
!!!verification of productlist page done-passed!!!
!!!Product selected-passed!!!
!!!verification of product page done-passed!!!
!!!product added to cart-passed!!!
!!!cart page verified-passed!!!
!!!product quantity updated-passed!!!
!!!Price validated-passed!!!
!!!checkout button clicked-passed!!!
!!!checkout page verified-passed!!!
!!!Anit's payment data sent successfully- passed!!!
!!!Arun's payment data sent successfully- passed!!!
!!!Animesh's payment data sent successfully- passed!!!
!!!Rajat's payment data sent successfully- passed!!!
!!!Anuj's payment data sent successfully- passed!!!
!!!Warish's payment data sent successfully- passed!!!
!!!clicked on continue button-passed!!!]]>
  </system-out>
</testsuite> <!-- tests.TestCartPage -->
