<?xml version="1.0" encoding="UTF-8"?>
<!-- Generated by org.testng.reporters.JUnitReportReporter -->
<testsuite hostname="LTIN718868" failures="0" tests="6" name="tests.TestHomePage" time="6.406" errors="0" timestamp="2026-04-12T09:35:49 IST" skipped="0">
  <testcase classname="tests.TestHomePage" name="verifyHomepage" time="0.090">
    <system-out>
      <![CDATA[!!!Home Page validation passed!!!]]>
    </system-out>
  </testcase> <!-- verifyHomepage -->
  <testcase classname="tests.TestHomePage" name="verifyHomepage" time="0.121">
    <system-out>
      <![CDATA[!!!Home Page validation passed!!!]]>
    </system-out>
  </testcase> <!-- verifyHomepage -->
  <testcase classname="tests.TestHomePage" name="searchOnHomepageTest" time="2.256">
    <system-out>
      <![CDATA[!!!searching for pets passed!!!]]>
    </system-out>
  </testcase> <!-- searchOnHomepageTest -->
  <testcase classname="tests.TestHomePage" name="searchOnHomepageTest" time="2.515">
    <system-out>
      <![CDATA[!!!searching for pets passed!!!]]>
    </system-out>
  </testcase> <!-- searchOnHomepageTest -->
  <testcase classname="tests.TestHomePage" name="clickOnAnyCategoryTest" time="0.788">
    <system-out>
      <![CDATA[!!!Able to click on category-passed!!!]]>
    </system-out>
  </testcase> <!-- clickOnAnyCategoryTest -->
  <testcase classname="tests.TestHomePage" name="clickOnAnyCategoryTest" time="0.636">
    <system-out>
      <![CDATA[!!!Able to click on category-passed!!!]]>
    </system-out>
  </testcase> <!-- clickOnAnyCategoryTest -->
  <system-out>
    <![CDATA[!!!Landing page verification passed!!!
!!!Succefully navigated to home page!!!
!!!login page verified-passed!!!
Read Excel file successfull
!!!Login feature passed for user : Jhonn1 !!!
!!!Login feature passed for user : Jhonn2 !!!
!!!Home Page validation passed!!!
!!!searching for pets passed!!!
!!!Able to click on category-passed!!!
!!!verification of category page completed-passed!!!
!!!Product is selected-passed!!!
!!!verification of productlist page done-passed!!!
!!!Product selected-passed!!!
!!!verification of product page done-passed!!!
!!!product added to cart-passed!!!
!!!cart page verified-passed!!!
!!!product quantity updated-passed!!!
!!!Price validated-passed!!!
!!!checkout button clicked-passed!!!
!!!checkout page verified-passed!!!
!!!Anit's payment data sent successfully- passed!!!
!!!Arun's payment data sent successfully- passed!!!
!!!Animesh's payment data sent successfully- passed!!!
!!!Rajat's payment data sent successfully- passed!!!
!!!Anuj's payment data sent successfully- passed!!!
!!!Warish's payment data sent successfully- passed!!!
!!!clicked on continue button-passed!!!
!!!Landing page verification passed!!!
!!!Succefully navigated to home page!!!
!!!login page verified-passed!!!
Read Excel file successfull
!!!Login feature passed for user : Jhonn1 !!!
!!!Login feature passed for user : Jhonn2 !!!
!!!Home Page validation passed!!!
!!!searching for pets passed!!!
!!!Able to click on category-passed!!!
!!!verification of category page completed-passed!!!
!!!Product is selected-passed!!!
!!!verification of productlist page done-passed!!!
!!!Product selected-passed!!!
!!!verification of product page done-passed!!!
!!!product added to cart-passed!!!
!!!cart page verified-passed!!!
!!!product quantity updated-passed!!!
!!!Price validated-passed!!!
!!!checkout button clicked-passed!!!
!!!checkout page verified-passed!!!
!!!Anit's payment data sent successfully- passed!!!
!!!Arun's payment data sent successfully- passed!!!
!!!Animesh's payment data sent successfully- passed!!!
!!!Rajat's payment data sent successfully- passed!!!
!!!Anuj's payment data sent successfully- passed!!!
!!!Warish's payment data sent successfully- passed!!!
!!!clicked on continue button-passed!!!]]>
  </system-out>
</testsuite> <!-- tests.TestHomePage -->
