<?xml version="1.0" encoding="UTF-8"?>
<!-- Generated by org.testng.reporters.JUnitXMLReporter -->
<testsuite ignored="4" hostname="LTIN718868" failures="0" tests="5" name="ChromeTests" time="0.03" errors="0" timestamp="2026-03-31T14:15:01 IST">
  <testcase classname="tests.TestLandingPage" name="testpage" time="0.0">
    <skipped/>
  </testcase> <!-- testpage -->
  <testcase classname="tests.TestLoginPage" name="testLogin" time="0.0">
    <skipped/>
  </testcase> <!-- testLogin -->
  <testcase classname="tests.TestLoginPage" name="testLogin" time="0.0">
    <skipped/>
  </testcase> <!-- testLogin -->
  <testcase classname="tests.TestHomePage" name="validateHome" time="0.0">
    <skipped/>
  </testcase> <!-- validateHome -->
  <testcase classname="tests.TestHomePage" name="testHome" time="0.0">
    <skipped/>
  </testcase> <!-- testHome -->
  <testcase classname="base.BaseTest" name="@BeforeSuite setup" time="0.0">
    <ignored/>
  </testcase> <!-- @BeforeSuite setup -->
  <testcase classname="base.BaseTest" name="@BeforeSuite setup" time="0.0">
    <ignored/>
  </testcase> <!-- @BeforeSuite setup -->
  <testcase classname="base.BaseTest" name="@AfterSuite teardown" time="0.0">
    <ignored/>
  </testcase> <!-- @AfterSuite teardown -->
  <testcase classname="base.BaseTest" name="@AfterSuite teardown" time="0.0">
    <ignored/>
  </testcase> <!-- @AfterSuite teardown -->
</testsuite> <!-- ChromeTests -->
