<?xml version="1.0" encoding="UTF-8"?>
<!-- Generated by org.testng.reporters.JUnitXMLReporter -->
<testsuite ignored="4" hostname="LTIN718868" failures="0" tests="5" name="EdgeTests" time="0.604" errors="0" timestamp="2026-03-31T14:15:01 IST">
  <testcase classname="base.BaseTest" name="@BeforeSuite setup" time="-1.774946700424E9">
    <failure type="org.testng.TestNGException" message="
Parameter &amp;apos;browser&amp;apos; is required by BeforeSuite on method setup but has not been marked @Optional or defined
in C:\practice_files\selenium\mini_P\MiniProject\sanity.xml">
      <![CDATA[org.testng.TestNGException: 
Parameter 'browser' is required by BeforeSuite on method setup but has not been marked @Optional or defined
in C:\practice_files\selenium\mini_P\MiniProject\sanity.xml
... Removed 16 stack frames]]>
    </failure>
  </testcase> <!-- @BeforeSuite setup -->
  <testcase classname="tests.TestLandingPage" name="testpage" time="0.0">
    <skipped/>
  </testcase> <!-- testpage -->
  <testcase classname="tests.TestLoginPage" name="testLogin" time="0.0">
    <skipped/>
  </testcase> <!-- testLogin -->
  <testcase classname="tests.TestLoginPage" name="testLogin" time="0.001">
    <skipped/>
  </testcase> <!-- testLogin -->
  <testcase classname="tests.TestHomePage" name="validateHome" time="0.0">
    <skipped/>
  </testcase> <!-- validateHome -->
  <testcase classname="tests.TestHomePage" name="testHome" time="0.0">
    <skipped/>
  </testcase> <!-- testHome -->
  <testcase classname="base.BaseTest" name="@AfterSuite teardown" time="0.0">
    <ignored/>
  </testcase> <!-- @AfterSuite teardown -->
  <testcase classname="base.BaseTest" name="@BeforeSuite setup" time="0.0">
    <ignored/>
  </testcase> <!-- @BeforeSuite setup -->
  <testcase classname="base.BaseTest" name="@BeforeSuite setup" time="0.0">
    <ignored/>
  </testcase> <!-- @BeforeSuite setup -->
  <testcase classname="base.BaseTest" name="@AfterSuite teardown" time="0.0">
    <ignored/>
  </testcase> <!-- @AfterSuite teardown -->
</testsuite> <!-- EdgeTests -->
