<?xml version="1.0" encoding="UTF-8"?>
<!-- Generated by org.testng.reporters.JUnitXMLReporter -->
<testsuite ignored="2" hostname="LTIN718868" failures="0" tests="3" name="SanityTests" time="2.985" errors="0" timestamp="2026-03-31T13:56:52 IST">
  <testcase classname="tests.TestLandingPage" name="testpage" time="1.094"/>
  <testcase classname="tests.TestHomePage" name="validateHome" time="0.079"/>
  <testcase classname="tests.TestHomePage" name="testHome" time="1.669"/>
  <testcase classname="base.BaseTest" name="@AfterSuite teardown" time="0.0">
    <ignored/>
  </testcase> <!-- @AfterSuite teardown -->
  <testcase classname="base.BaseTest" name="@BeforeSuite setup" time="0.0">
    <ignored/>
  </testcase> <!-- @BeforeSuite setup -->
</testsuite> <!-- SanityTests -->
